[16:50:52] [main/INFO]: Setting user: Player492
[16:51:03] [Client thread/INFO]: LWJGL Version: 2.9.1
[16:51:10] [Client thread/INFO]: Reloading ResourceManager: Default, FMLFileResourcePack:Forge Mod Loader, FMLFileResourcePack:Minecraft Forge, FMLFileResourcePack:Not Enough Items, FMLFileResourcePack:Dig Craft
[16:51:13] [Sound Library Loader/INFO]: Sound engine started
[16:51:15] [Client thread/INFO]: Created: 512x256 textures/blocks-atlas
[16:51:15] [Client thread/INFO]: Created: 512x512 textures/items-atlas
[16:51:16] [Client thread/INFO]: Reloading ResourceManager: Default, FMLFileResourcePack:Forge Mod Loader, FMLFileResourcePack:Minecraft Forge, FMLFileResourcePack:Not Enough Items, FMLFileResourcePack:Dig Craft
[16:51:16] [Client thread/INFO]: Created: 512x256 textures/blocks-atlas
[16:51:16] [Client thread/INFO]: Created: 512x512 textures/items-atlas
[16:51:17] [Sound Library Loader/INFO]: Sound engine started
[16:51:28] [Server thread/INFO]: Starting integrated minecraft server version 1.7.10
[16:51:29] [Server thread/INFO]: Generating keypair
[16:51:30] [Server thread/INFO]: Preparing start region for level 0
[16:51:31] [Server thread/INFO]: Preparing spawn area: 98%
[16:51:32] [Server thread/INFO]: Changing view distance to 12, from 10
[16:51:32] [Server thread/INFO]: Player492[local:E:7a8ae911] logged in with entity id 334 at (618.4329481931703, 5.0, -318.05983051920845)
[16:51:32] [Server thread/INFO]: Player492 joined the game
[16:51:33] [Server thread/INFO]: Saving and pausing game...
[16:51:33] [Server thread/INFO]: Saving chunks for level 'New World'/Overworld
[16:51:33] [Client thread/INFO]: [CHAT] Welcome to join our Mod develop group:QQ529418824
[16:51:33] [Server thread/INFO]: Saving chunks for level 'New World'/Nether
[16:51:33] [Server thread/INFO]: Saving chunks for level 'New World'/The End
[16:51:56] [Server thread/INFO]: Player492 has just earned the achievement [Taking Inventory]
[16:51:57] [Client thread/INFO]: [CHAT] Player492 has just earned the achievement [Taking Inventory]
[16:52:05] [Server thread/WARN]: Can't keep up! Did the system time change, or is the server overloaded? Running 3612ms behind, skipping 72 tick(s)
[16:52:56] [Client thread/INFO]: Stopping!
[16:52:56] [Server thread/INFO]: Stopping server
[16:52:56] [Server thread/INFO]: Saving players
[16:52:56] [Server thread/INFO]: Saving worlds
[16:52:56] [Server thread/INFO]: Saving chunks for level 'New World'/Overworld
[16:52:56] [Server thread/INFO]: Saving chunks for level 'New World'/Nether
[16:52:56] [Server thread/INFO]: Saving chunks for level 'New World'/The End
[16:52:56] [Client Shutdown Thread/INFO]: Stopping server
[16:52:56] [Client Shutdown Thread/INFO]: Saving players
