[13:29:02] [main/INFO]: Setting user: Player846
[13:29:10] [Client thread/INFO]: LWJGL Version: 2.9.1
[13:29:17] [Client thread/INFO]: Reloading ResourceManager: Default, FMLFileResourcePack:Forge Mod Loader, FMLFileResourcePack:Minecraft Forge, FMLFileResourcePack:Not Enough Items, FMLFileResourcePack:Dig Craft, FMLFileResourcePack:Maple Lib
[13:29:21] [Sound Library Loader/INFO]: Sound engine started
[13:29:23] [Client thread/INFO]: Created: 512x256 textures/blocks-atlas
[13:29:24] [Client thread/INFO]: Created: 512x512 textures/items-atlas
[13:29:24] [Client thread/INFO]: Reloading ResourceManager: Default, FMLFileResourcePack:Forge Mod Loader, FMLFileResourcePack:Minecraft Forge, FMLFileResourcePack:Not Enough Items, FMLFileResourcePack:Dig Craft, FMLFileResourcePack:Maple Lib
[13:29:25] [Client thread/INFO]: Created: 512x256 textures/blocks-atlas
[13:29:25] [Client thread/INFO]: Created: 512x512 textures/items-atlas
[13:29:26] [Sound Library Loader/INFO]: Sound engine started
[13:30:21] [Server thread/INFO]: Starting integrated minecraft server version 1.7.10
[13:30:21] [Server thread/INFO]: Generating keypair
[13:30:22] [Server thread/INFO]: Preparing start region for level 0
[13:30:23] [Server thread/INFO]: Preparing spawn area: 47%
[13:30:24] [Server thread/INFO]: Changing view distance to 12, from 10
[13:30:24] [Server thread/INFO]: Player846[local:E:5e80aef6] logged in with entity id 148 at (-1092.6251845662455, 4.0, 524.0448332023035)
[13:30:24] [Server thread/INFO]: Player846 joined the game
[13:30:25] [Client thread/INFO]: [CHAT] Welcome to join our Mod develop group:QQ529418824
[13:30:32] [Server thread/INFO]: Saving and pausing game...
[13:30:32] [Server thread/INFO]: Saving chunks for level 'New World'/Overworld
[13:30:32] [Server thread/INFO]: Saving chunks for level 'New World'/Nether
[13:30:32] [Server thread/INFO]: Saving chunks for level 'New World'/The End
[13:30:59] [Server thread/INFO]: Player846 has just earned the achievement [Taking Inventory]
[13:31:00] [Client thread/INFO]: [CHAT] Player846 has just earned the achievement [Taking Inventory]
[13:31:48] [Client thread/INFO]: Stopping!
[13:31:48] [Server thread/INFO]: Stopping server
[13:31:48] [Server thread/INFO]: Saving players
[13:31:48] [Server thread/INFO]: Saving worlds
[13:31:48] [Server thread/INFO]: Saving chunks for level 'New World'/Overworld
[13:31:48] [Server thread/INFO]: Saving chunks for level 'New World'/Nether
[13:31:48] [Server thread/INFO]: Saving chunks for level 'New World'/The End
[13:31:49] [Client Shutdown Thread/INFO]: Stopping server
[13:31:49] [Client Shutdown Thread/INFO]: Saving players
